<?xml version="1.0" encoding="UTF-8"?>
<!-- Generated by org.testng.reporters.JUnitXMLReporter -->
<testsuite hostname="soumyavaio" ignored="0" name="Default test" tests="10" failures="0" timestamp="30 Mar 2018 08:41:09 GMT" time="0.509" errors="0">
  <testcase name="display" time="0.013" classname="actitime.Dataprovider_example"/>
  <testcase name="display" time="0.002" classname="actitime.Dataprovider_example"/>
  <testcase name="display" time="0.002" classname="actitime.Dataprovider_example"/>
  <testcase name="display" time="0.002" classname="actitime.Dataprovider_example"/>
  <testcase name="display" time="0.002" classname="actitime.Dataprovider_example"/>
  <testcase name="display" time="0.002" classname="actitime.Dataprovider_example"/>
  <testcase name="display" time="0.001" classname="actitime.Dataprovider_example"/>
  <testcase name="display" time="0.001" classname="actitime.Dataprovider_example"/>
  <testcase name="display" time="0.003" classname="actitime.Dataprovider_example"/>
  <testcase name="display" time="0.002" classname="actitime.Dataprovider_example"/>
</testsuite> <!-- Default test -->
