<?xml version="1.0" encoding="UTF-8"?>
<testng-results skipped="0" failed="0" ignored="0" total="10" passed="10">
  <reporter-output>
  </reporter-output>
  <suite name="Default suite" duration-ms="509" started-at="2018-03-30T08:41:09Z" finished-at="2018-03-30T08:41:09Z">
    <groups>
    </groups>
    <test name="Default test" duration-ms="509" started-at="2018-03-30T08:41:09Z" finished-at="2018-03-30T08:41:09Z">
      <class name="actitime.Dataprovider_example">
        <test-method status="PASS" signature="display(java.lang.String)[pri:0, instance:actitime.Dataprovider_example@61832929]" name="display" duration-ms="13" started-at="2018-03-30T08:41:09Z" data-provider="exceldata" finished-at="2018-03-30T08:41:09Z">
          <params>
            <param index="0">
              <value>
                <![CDATA[0]]>
              </value>
            </param>
          </params>
          <reporter-output>
          </reporter-output>
        </test-method> <!-- display -->
        <test-method status="PASS" signature="display(java.lang.String)[pri:0, instance:actitime.Dataprovider_example@61832929]" name="display" duration-ms="2" started-at="2018-03-30T08:41:09Z" data-provider="exceldata" finished-at="2018-03-30T08:41:09Z">
          <params>
            <param index="0">
              <value>
                <![CDATA[01]]>
              </value>
            </param>
          </params>
          <reporter-output>
          </reporter-output>
        </test-method> <!-- display -->
        <test-method status="PASS" signature="display(java.lang.String)[pri:0, instance:actitime.Dataprovider_example@61832929]" name="display" duration-ms="2" started-at="2018-03-30T08:41:09Z" data-provider="exceldata" finished-at="2018-03-30T08:41:09Z">
          <params>
            <param index="0">
              <value>
                <![CDATA[012]]>
              </value>
            </param>
          </params>
          <reporter-output>
          </reporter-output>
        </test-method> <!-- display -->
        <test-method status="PASS" signature="display(java.lang.String)[pri:0, instance:actitime.Dataprovider_example@61832929]" name="display" duration-ms="2" started-at="2018-03-30T08:41:09Z" data-provider="exceldata" finished-at="2018-03-30T08:41:09Z">
          <params>
            <param index="0">
              <value>
                <![CDATA[0123]]>
              </value>
            </param>
          </params>
          <reporter-output>
          </reporter-output>
        </test-method> <!-- display -->
        <test-method status="PASS" signature="display(java.lang.String)[pri:0, instance:actitime.Dataprovider_example@61832929]" name="display" duration-ms="2" started-at="2018-03-30T08:41:09Z" data-provider="exceldata" finished-at="2018-03-30T08:41:09Z">
          <params>
            <param index="0">
              <value>
                <![CDATA[01234]]>
              </value>
            </param>
          </params>
          <reporter-output>
          </reporter-output>
        </test-method> <!-- display -->
        <test-method status="PASS" signature="display(java.lang.String)[pri:0, instance:actitime.Dataprovider_example@61832929]" name="display" duration-ms="2" started-at="2018-03-30T08:41:09Z" data-provider="exceldata" finished-at="2018-03-30T08:41:09Z">
          <params>
            <param index="0">
              <value>
                <![CDATA[012345]]>
              </value>
            </param>
          </params>
          <reporter-output>
          </reporter-output>
        </test-method> <!-- display -->
        <test-method status="PASS" signature="display(java.lang.String)[pri:0, instance:actitime.Dataprovider_example@61832929]" name="display" duration-ms="1" started-at="2018-03-30T08:41:09Z" data-provider="exceldata" finished-at="2018-03-30T08:41:09Z">
          <params>
            <param index="0">
              <value>
                <![CDATA[0123456]]>
              </value>
            </param>
          </params>
          <reporter-output>
          </reporter-output>
        </test-method> <!-- display -->
        <test-method status="PASS" signature="display(java.lang.String)[pri:0, instance:actitime.Dataprovider_example@61832929]" name="display" duration-ms="1" started-at="2018-03-30T08:41:09Z" data-provider="exceldata" finished-at="2018-03-30T08:41:09Z">
          <params>
            <param index="0">
              <value>
                <![CDATA[01234567]]>
              </value>
            </param>
          </params>
          <reporter-output>
          </reporter-output>
        </test-method> <!-- display -->
        <test-method status="PASS" signature="display(java.lang.String)[pri:0, instance:actitime.Dataprovider_example@61832929]" name="display" duration-ms="3" started-at="2018-03-30T08:41:09Z" data-provider="exceldata" finished-at="2018-03-30T08:41:09Z">
          <params>
            <param index="0">
              <value>
                <![CDATA[012345678]]>
              </value>
            </param>
          </params>
          <reporter-output>
          </reporter-output>
        </test-method> <!-- display -->
        <test-method status="PASS" signature="display(java.lang.String)[pri:0, instance:actitime.Dataprovider_example@61832929]" name="display" duration-ms="2" started-at="2018-03-30T08:41:09Z" data-provider="exceldata" finished-at="2018-03-30T08:41:09Z">
          <params>
            <param index="0">
              <value>
                <![CDATA[0123456789]]>
              </value>
            </param>
          </params>
          <reporter-output>
          </reporter-output>
        </test-method> <!-- display -->
      </class> <!-- actitime.Dataprovider_example -->
    </test> <!-- Default test -->
  </suite> <!-- Default suite -->
</testng-results>
